c:\users\blazej\source\repos\pacmangame\pacmangame\debug\vc142.pdb
c:\users\blazej\source\repos\pacmangame\pacmangame\debug\vc142.idb
c:\users\blazej\source\repos\pacmangame\pacmangame\debug\main.obj
c:\users\blazej\source\repos\pacmangame\pacmangame\debug\engine.obj
c:\users\blazej\source\repos\pacmangame\pacmangame\debug\pacman.obj
c:\users\blazej\source\repos\pacmangame\pacmangame\debug\labirynth.obj
c:\users\blazej\source\repos\pacmangame\pacmangame\debug\pointsandfruits.obj
c:\users\blazej\source\repos\pacmangame\pacmangame\debug\everypoints.obj
c:\users\blazej\source\repos\pacmangame\pacmangame\debug\ghosts.obj
c:\users\blazej\source\repos\pacmangame\pacmangame\debug\gaclass.obj
c:\users\blazej\source\repos\pacmangame\pacmangame\debug\alltexts.obj
c:\users\blazej\source\repos\pacmangame\pacmangame\debug\ghostsafraid.obj
c:\users\blazej\source\repos\pacmangame\debug\pacmangame.exe
c:\users\blazej\source\repos\pacmangame\debug\pacmangame.ilk
c:\users\blazej\source\repos\pacmangame\debug\pacmangame.pdb
c:\users\blazej\source\repos\pacmangame\pacmangame\debug\pacmangame.tlog\cl.command.1.tlog
c:\users\blazej\source\repos\pacmangame\pacmangame\debug\pacmangame.tlog\cl.read.1.tlog
c:\users\blazej\source\repos\pacmangame\pacmangame\debug\pacmangame.tlog\cl.write.1.tlog
c:\users\blazej\source\repos\pacmangame\pacmangame\debug\pacmangame.tlog\link.command.1.tlog
c:\users\blazej\source\repos\pacmangame\pacmangame\debug\pacmangame.tlog\link.read.1.tlog
c:\users\blazej\source\repos\pacmangame\pacmangame\debug\pacmangame.tlog\link.write.1.tlog
